# JRE version: OpenJDK Runtime Environment Temurin-21.0.9+10 (21.0.9+10) (build 21.0.9+10-LTS)
# Java VM: OpenJDK 64-Bit Server VM Temurin-21.0.9+10 (21.0.9+10-LTS, mixed mode, sharing, tiered, compressed oops, compressed class ptrs, parallel gc, windows-amd64)
GC Precious Log:
 CardTable entry size: 512
 CPUs: 8 total, 8 available
 Memory: 8083M
 Large Page Support: Disabled
 NUMA Support: Disabled
 Compressed Oops: Enabled (32-bit)
 Alignments: Space 512K, Generation 512K, Heap 2M
 Heap Min Capacity: 100M
 Heap Initial Capacity: 100M
 Heap Max Capacity: 2G
 Pre-touch: Disabled
 Parallel Workers: 8
Heap:
 PSYoungGen      total 22528K, used 21634K [0x00000000d5580000, 0x00000000d7a80000, 0x0000000100000000)
  eden space 22016K, 97% used [0x00000000d5580000,0x00000000d6a70830,0x00000000d6b00000)
  from space 512K, 37% used [0x00000000d7900000,0x00000000d7930000,0x00000000d7980000)
  to   space 512K, 0% used [0x00000000d7a00000,0x00000000d7a00000,0x00000000d7a80000)
 ParOldGen       total 736256K, used 187013K [0x0000000080000000, 0x00000000acf00000, 0x00000000d5580000)
  object space 736256K, 25% used [0x0000000080000000,0x000000008b6a14b0,0x00000000acf00000)
 Metaspace       used 89106K, committed 90944K, reserved 1179648K
  class space    used 9094K, committed 9856K, reserved 1048576K
GC Heap History (20 events):
Event: 11716.649 GC heap before
{Heap before GC invocations=1243 (full 5):
 PSYoungGen      total 26624K, used 24768K [0x00000000d5580000, 0x00000000d7e00000, 0x0000000100000000)
  eden space 24576K, 100% used [0x00000000d5580000,0x00000000d6d80000,0x00000000d6d80000)
  from space 2048K, 9% used [0x00000000d7a80000,0x00000000d7ab0000,0x00000000d7c80000)
  to   space 1024K, 0% used [0x00000000d7d00000,0x00000000d7d00000,0x00000000d7e00000)
 ParOldGen       total 736256K, used 181969K [0x0000000080000000, 0x00000000acf00000, 0x00000000d5580000)
  object space 736256K, 24% used [0x0000000080000000,0x000000008b1b47e8,0x00000000acf00000)
 Metaspace       used 88826K, committed 90624K, reserved 1179648K
  class space    used 9086K, committed 9856K, reserved 1048576K
}
Event: 11716.655 GC heap after
{Heap after GC invocations=1243 (full 5):
 PSYoungGen      total 25088K, used 1023K [0x00000000d5580000, 0x00000000d7e00000, 0x0000000100000000)
  eden space 24064K, 0% used [0x00000000d5580000,0x00000000d5580000,0x00000000d6d00000)
  from space 1024K, 99% used [0x00000000d7d00000,0x00000000d7dfff40,0x00000000d7e00000)
  to   space 2048K, 0% used [0x00000000d7a00000,0x00000000d7a00000,0x00000000d7c00000)
 ParOldGen       total 736256K, used 182369K [0x0000000080000000, 0x00000000acf00000, 0x00000000d5580000)
  object space 736256K, 24% used [0x0000000080000000,0x000000008b218788,0x00000000acf00000)
 Metaspace       used 88826K, committed 90624K, reserved 1179648K
  class space    used 9086K, committed 9856K, reserved 1048576K
}
Event: 11717.182 GC heap before
{Heap before GC invocations=1244 (full 5):
 PSYoungGen      total 25088K, used 25087K [0x00000000d5580000, 0x00000000d7e00000, 0x0000000100000000)
  eden space 24064K, 99% used [0x00000000d5580000,0x00000000d6cffff8,0x00000000d6d00000)
  from space 1024K, 99% used [0x00000000d7d00000,0x00000000d7dfff40,0x00000000d7e00000)
  to   space 2048K, 0% used [0x00000000d7a00000,0x00000000d7a00000,0x00000000d7c00000)
 ParOldGen       total 736256K, used 182369K [0x0000000080000000, 0x00000000acf00000, 0x00000000d5580000)
  object space 736256K, 24% used [0x0000000080000000,0x000000008b218788,0x00000000acf00000)
 Metaspace       used 88826K, committed 90624K, reserved 1179648K
  class space    used 9086K, committed 9856K, reserved 1048576K
}
Event: 11717.187 GC heap after
{Heap after GC invocations=1244 (full 5):
 PSYoungGen      total 25600K, used 192K [0x00000000d5580000, 0x00000000d7d80000, 0x0000000100000000)
  eden space 23552K, 0% used [0x00000000d5580000,0x00000000d5580000,0x00000000d6c80000)
  from space 2048K, 9% used [0x00000000d7a00000,0x00000000d7a30000,0x00000000d7c00000)
  to   space 1024K, 0% used [0x00000000d7c80000,0x00000000d7c80000,0x00000000d7d80000)
 ParOldGen       total 736256K, used 182401K [0x0000000080000000, 0x00000000acf00000, 0x00000000d5580000)
  object space 736256K, 24% used [0x0000000080000000,0x000000008b220788,0x00000000acf00000)
 Metaspace       used 88826K, committed 90624K, reserved 1179648K
  class space    used 9086K, committed 9856K, reserved 1048576K
}
Event: 11721.071 GC heap before
{Heap before GC invocations=1245 (full 5):
 PSYoungGen      total 25600K, used 23658K [0x00000000d5580000, 0x00000000d7d80000, 0x0000000100000000)
  eden space 23552K, 99% used [0x00000000d5580000,0x00000000d6c6abe0,0x00000000d6c80000)
  from space 2048K, 9% used [0x00000000d7a00000,0x00000000d7a30000,0x00000000d7c00000)
  to   space 1024K, 0% used [0x00000000d7c80000,0x00000000d7c80000,0x00000000d7d80000)
 ParOldGen       total 736256K, used 182401K [0x0000000080000000, 0x00000000acf00000, 0x00000000d5580000)
  object space 736256K, 24% used [0x0000000080000000,0x000000008b220788,0x00000000acf00000)
 Metaspace       used 88891K, committed 90688K, reserved 1179648K
  class space    used 9088K, committed 9856K, reserved 1048576K
}
Event: 11721.081 GC heap after
{Heap after GC invocations=1245 (full 5):
 PSYoungGen      total 24064K, used 998K [0x00000000d5580000, 0x00000000d7d80000, 0x0000000100000000)
  eden space 23040K, 0% used [0x00000000d5580000,0x00000000d5580000,0x00000000d6c00000)
  from space 1024K, 97% used [0x00000000d7c80000,0x00000000d7d79a20,0x00000000d7d80000)
  to   space 2560K, 0% used [0x00000000d7880000,0x00000000d7880000,0x00000000d7b00000)
 ParOldGen       total 736256K, used 183605K [0x0000000080000000, 0x00000000acf00000, 0x00000000d5580000)
  object space 736256K, 24% used [0x0000000080000000,0x000000008b34d738,0x00000000acf00000)
 Metaspace       used 88891K, committed 90688K, reserved 1179648K
  class space    used 9088K, committed 9856K, reserved 1048576K
}
Event: 11724.342 GC heap before
{Heap before GC invocations=1246 (full 5):
 PSYoungGen      total 24064K, used 24038K [0x00000000d5580000, 0x00000000d7d80000, 0x0000000100000000)
  eden space 23040K, 100% used [0x00000000d5580000,0x00000000d6c00000,0x00000000d6c00000)
  from space 1024K, 97% used [0x00000000d7c80000,0x00000000d7d79a20,0x00000000d7d80000)
  to   space 2560K, 0% used [0x00000000d7880000,0x00000000d7880000,0x00000000d7b00000)
 ParOldGen       total 736256K, used 183605K [0x0000000080000000, 0x00000000acf00000, 0x00000000d5580000)
  object space 736256K, 24% used [0x0000000080000000,0x000000008b34d738,0x00000000acf00000)
 Metaspace       used 88898K, committed 90688K, reserved 1179648K
  class space    used 9088K, committed 9856K, reserved 1048576K
}
Event: 11724.354 GC heap after
{Heap after GC invocations=1246 (full 5):
 PSYoungGen      total 25088K, used 224K [0x00000000d5580000, 0x00000000d7d00000, 0x0000000100000000)
  eden space 22528K, 0% used [0x00000000d5580000,0x00000000d5580000,0x00000000d6b80000)
  from space 2560K, 8% used [0x00000000d7880000,0x00000000d78b8000,0x00000000d7b00000)
  to   space 1024K, 0% used [0x00000000d7c00000,0x00000000d7c00000,0x00000000d7d00000)
 ParOldGen       total 736256K, used 184451K [0x0000000080000000, 0x00000000acf00000, 0x00000000d5580000)
  object space 736256K, 25% used [0x0000000080000000,0x000000008b420d68,0x00000000acf00000)
 Metaspace       used 88898K, committed 90688K, reserved 1179648K
  class space    used 9088K, committed 9856K, reserved 1048576K
}
Event: 11728.543 GC heap before
{Heap before GC invocations=1247 (full 5):
 PSYoungGen      total 25088K, used 22752K [0x00000000d5580000, 0x00000000d7d00000, 0x0000000100000000)
  eden space 22528K, 100% used [0x00000000d5580000,0x00000000d6b80000,0x00000000d6b80000)
  from space 2560K, 8% used [0x00000000d7880000,0x00000000d78b8000,0x00000000d7b00000)
  to   space 1024K, 0% used [0x00000000d7c00000,0x00000000d7c00000,0x00000000d7d00000)
 ParOldGen       total 736256K, used 184451K [0x0000000080000000, 0x00000000acf00000, 0x00000000d5580000)
  object space 736256K, 25% used [0x0000000080000000,0x000000008b420d68,0x00000000acf00000)
 Metaspace       used 88982K, committed 90752K, reserved 1179648K
  class space    used 9093K, committed 9856K, reserved 1048576K
}
Event: 11728.555 GC heap after
{Heap after GC invocations=1247 (full 5):
 PSYoungGen      total 23040K, used 1024K [0x00000000d5580000, 0x00000000d7d00000, 0x0000000100000000)
  eden space 22016K, 0% used [0x00000000d5580000,0x00000000d5580000,0x00000000d6b00000)
  from space 1024K, 100% used [0x00000000d7c00000,0x00000000d7d00000,0x00000000d7d00000)
  to   space 3072K, 0% used [0x00000000d7700000,0x00000000d7700000,0x00000000d7a00000)
 ParOldGen       total 736256K, used 185802K [0x0000000080000000, 0x00000000acf00000, 0x00000000d5580000)
  object space 736256K, 25% used [0x0000000080000000,0x000000008b572be8,0x00000000acf00000)
 Metaspace       used 88982K, committed 90752K, reserved 1179648K
  class space    used 9093K, committed 9856K, reserved 1048576K
}
Event: 11730.016 GC heap before
{Heap before GC invocations=1248 (full 5):
 PSYoungGen      total 23040K, used 23040K [0x00000000d5580000, 0x00000000d7d00000, 0x0000000100000000)
  eden space 22016K, 100% used [0x00000000d5580000,0x00000000d6b00000,0x00000000d6b00000)
  from space 1024K, 100% used [0x00000000d7c00000,0x00000000d7d00000,0x00000000d7d00000)
  to   space 3072K, 0% used [0x00000000d7700000,0x00000000d7700000,0x00000000d7a00000)
 ParOldGen       total 736256K, used 185802K [0x0000000080000000, 0x00000000acf00000, 0x00000000d5580000)
  object space 736256K, 25% used [0x0000000080000000,0x000000008b572be8,0x00000000acf00000)
 Metaspace       used 88998K, committed 90752K, reserved 1179648K
  class space    used 9094K, committed 9856K, reserved 1048576K
}
Event: 11730.051 GC heap after
{Heap after GC invocations=1248 (full 5):
 PSYoungGen      total 25088K, used 1375K [0x00000000d5580000, 0x00000000d7c80000, 0x0000000100000000)
  eden space 22016K, 0% used [0x00000000d5580000,0x00000000d5580000,0x00000000d6b00000)
  from space 3072K, 44% used [0x00000000d7700000,0x00000000d7857f40,0x00000000d7a00000)
  to   space 2048K, 0% used [0x00000000d7a80000,0x00000000d7a80000,0x00000000d7c80000)
 ParOldGen       total 736256K, used 186758K [0x0000000080000000, 0x00000000acf00000, 0x00000000d5580000)
  object space 736256K, 25% used [0x0000000080000000,0x000000008b661bf0,0x00000000acf00000)
 Metaspace       used 88998K, committed 90752K, reserved 1179648K
  class space    used 9094K, committed 9856K, reserved 1048576K
}
Event: 11731.502 GC heap before
{Heap before GC invocations=1249 (full 5):
 PSYoungGen      total 25088K, used 23391K [0x00000000d5580000, 0x00000000d7c80000, 0x0000000100000000)
  eden space 22016K, 100% used [0x00000000d5580000,0x00000000d6b00000,0x00000000d6b00000)
  from space 3072K, 44% used [0x00000000d7700000,0x00000000d7857f40,0x00000000d7a00000)
  to   space 2048K, 0% used [0x00000000d7a80000,0x00000000d7a80000,0x00000000d7c80000)
 ParOldGen       total 736256K, used 186758K [0x0000000080000000, 0x00000000acf00000, 0x00000000d5580000)
  object space 736256K, 25% used [0x0000000080000000,0x000000008b661bf0,0x00000000acf00000)
 Metaspace       used 89005K, committed 90816K, reserved 1179648K
  class space    used 9094K, committed 9856K, reserved 1048576K
}
Event: 11731.516 GC heap after
{Heap after GC invocations=1249 (full 5):
 PSYoungGen      total 23552K, used 1343K [0x00000000d5580000, 0x00000000d7c00000, 0x0000000100000000)
  eden space 22016K, 0% used [0x00000000d5580000,0x00000000d5580000,0x00000000d6b00000)
  from space 1536K, 87% used [0x00000000d7a80000,0x00000000d7bcff40,0x00000000d7c00000)
  to   space 1536K, 0% used [0x00000000d7900000,0x00000000d7900000,0x00000000d7a80000)
 ParOldGen       total 736256K, used 186933K [0x0000000080000000, 0x00000000acf00000, 0x00000000d5580000)
  object space 736256K, 25% used [0x0000000080000000,0x000000008b68d4a0,0x00000000acf00000)
 Metaspace       used 89005K, committed 90816K, reserved 1179648K
  class space    used 9094K, committed 9856K, reserved 1048576K
}
Event: 11834.822 GC heap before
{Heap before GC invocations=1250 (full 5):
 PSYoungGen      total 23552K, used 23359K [0x00000000d5580000, 0x00000000d7c00000, 0x0000000100000000)
  eden space 22016K, 100% used [0x00000000d5580000,0x00000000d6b00000,0x00000000d6b00000)
  from space 1536K, 87% used [0x00000000d7a80000,0x00000000d7bcff40,0x00000000d7c00000)
  to   space 1536K, 0% used [0x00000000d7900000,0x00000000d7900000,0x00000000d7a80000)
 ParOldGen       total 736256K, used 186933K [0x0000000080000000, 0x00000000acf00000, 0x00000000d5580000)
  object space 736256K, 25% used [0x0000000080000000,0x000000008b68d4a0,0x00000000acf00000)
 Metaspace       used 89032K, committed 90880K, reserved 1179648K
  class space    used 9094K, committed 9856K, reserved 1048576K
}
Event: 11834.826 GC heap after
{Heap after GC invocations=1250 (full 5):
 PSYoungGen      total 22528K, used 224K [0x00000000d5580000, 0x00000000d7b00000, 0x0000000100000000)
  eden space 22016K, 0% used [0x00000000d5580000,0x00000000d5580000,0x00000000d6b00000)
  from space 512K, 43% used [0x00000000d7900000,0x00000000d7938020,0x00000000d7980000)
  to   space 1024K, 0% used [0x00000000d7a00000,0x00000000d7a00000,0x00000000d7b00000)
 ParOldGen       total 736256K, used 186933K [0x0000000080000000, 0x00000000acf00000, 0x00000000d5580000)
  object space 736256K, 25% used [0x0000000080000000,0x000000008b68d4a0,0x00000000acf00000)
 Metaspace       used 89032K, committed 90880K, reserved 1179648K
  class space    used 9094K, committed 9856K, reserved 1048576K
}
Event: 80322.247 GC heap before
{Heap before GC invocations=1251 (full 5):
 PSYoungGen      total 22528K, used 22240K [0x00000000d5580000, 0x00000000d7b00000, 0x0000000100000000)
  eden space 22016K, 99% used [0x00000000d5580000,0x00000000d6affff8,0x00000000d6b00000)
  from space 512K, 43% used [0x00000000d7900000,0x00000000d7938020,0x00000000d7980000)
  to   space 1024K, 0% used [0x00000000d7a00000,0x00000000d7a00000,0x00000000d7b00000)
 ParOldGen       total 736256K, used 186933K [0x0000000080000000, 0x00000000acf00000, 0x00000000d5580000)
  object space 736256K, 25% used [0x0000000080000000,0x000000008b68d4a0,0x00000000acf00000)
 Metaspace       used 89083K, committed 90944K, reserved 1179648K
  class space    used 9094K, committed 9856K, reserved 1048576K
}
Event: 80322.519 GC heap after
{Heap after GC invocations=1251 (full 5):
 PSYoungGen      total 22528K, used 192K [0x00000000d5580000, 0x00000000d7a80000, 0x0000000100000000)
  eden space 22016K, 0% used [0x00000000d5580000,0x00000000d5580000,0x00000000d6b00000)
  from space 512K, 37% used [0x00000000d7a00000,0x00000000d7a30000,0x00000000d7a80000)
  to   space 512K, 0% used [0x00000000d7900000,0x00000000d7900000,0x00000000d7980000)
 ParOldGen       total 736256K, used 187005K [0x0000000080000000, 0x00000000acf00000, 0x00000000d5580000)
  object space 736256K, 25% used [0x0000000080000000,0x000000008b69f4b0,0x00000000acf00000)
 Metaspace       used 89083K, committed 90944K, reserved 1179648K
  class space    used 9094K, committed 9856K, reserved 1048576K
}
Event: 152650.008 GC heap before
{Heap before GC invocations=1252 (full 5):
 PSYoungGen      total 22528K, used 22208K [0x00000000d5580000, 0x00000000d7a80000, 0x0000000100000000)
  eden space 22016K, 100% used [0x00000000d5580000,0x00000000d6b00000,0x00000000d6b00000)
  from space 512K, 37% used [0x00000000d7a00000,0x00000000d7a30000,0x00000000d7a80000)
  to   space 512K, 0% used [0x00000000d7900000,0x00000000d7900000,0x00000000d7980000)
 ParOldGen       total 736256K, used 187005K [0x0000000080000000, 0x00000000acf00000, 0x00000000d5580000)
  object space 736256K, 25% used [0x0000000080000000,0x000000008b69f4b0,0x00000000acf00000)
 Metaspace       used 89091K, committed 90944K, reserved 1179648K
  class space    used 9094K, committed 9856K, reserved 1048576K
}
Event: 152650.320 GC heap after
{Heap after GC invocations=1252 (full 5):
 PSYoungGen      total 22528K, used 192K [0x00000000d5580000, 0x00000000d7a80000, 0x0000000100000000)
  eden space 22016K, 0% used [0x00000000d5580000,0x00000000d5580000,0x00000000d6b00000)
  from space 512K, 37% used [0x00000000d7900000,0x00000000d7930000,0x00000000d7980000)
  to   space 512K, 0% used [0x00000000d7a00000,0x00000000d7a00000,0x00000000d7a80000)
 ParOldGen       total 736256K, used 187013K [0x0000000080000000, 0x00000000acf00000, 0x00000000d5580000)
  object space 736256K, 25% used [0x0000000080000000,0x000000008b6a14b0,0x00000000acf00000)
 Metaspace       used 89091K, committed 90944K, reserved 1179648K
  class space    used 9094K, committed 9856K, reserved 1048576K
}

